TN:
SF:/home/mrduk/Heroku-apps/WayFarer-API/spec/bookings.spec.js
FN:13,(anonymous_0)
FN:16,(anonymous_1)
FN:40,(anonymous_2)
FN:41,(anonymous_3)
FN:50,(anonymous_4)
FN:58,(anonymous_5)
FN:66,(anonymous_6)
FN:76,(anonymous_7)
FN:91,(anonymous_8)
FN:106,(anonymous_9)
FN:108,(anonymous_10)
FN:116,(anonymous_11)
FN:117,(anonymous_12)
FN:118,(anonymous_13)
FN:128,(anonymous_14)
FN:138,(anonymous_15)
FN:148,(anonymous_16)
FN:162,(anonymous_17)
FN:163,(anonymous_18)
FN:183,(anonymous_19)
FN:192,(anonymous_20)
FN:210,(anonymous_21)
FN:212,(anonymous_22)
FN:220,(anonymous_23)
FN:222,(anonymous_24)
FN:223,(anonymous_25)
FN:233,(anonymous_26)
FN:243,(anonymous_27)
FN:253,(anonymous_28)
FN:267,(anonymous_29)
FN:269,(anonymous_30)
FN:291,(anonymous_31)
FN:299,(anonymous_32)
FNF:33
FNH:33
FNDA:1,(anonymous_0)
FNDA:5,(anonymous_1)
FNDA:1,(anonymous_2)
FNDA:5,(anonymous_3)
FNDA:1,(anonymous_4)
FNDA:1,(anonymous_5)
FNDA:1,(anonymous_6)
FNDA:1,(anonymous_7)
FNDA:1,(anonymous_8)
FNDA:1,(anonymous_9)
FNDA:5,(anonymous_10)
FNDA:5,(anonymous_11)
FNDA:1,(anonymous_12)
FNDA:1,(anonymous_13)
FNDA:1,(anonymous_14)
FNDA:1,(anonymous_15)
FNDA:1,(anonymous_16)
FNDA:1,(anonymous_17)
FNDA:1,(anonymous_18)
FNDA:1,(anonymous_19)
FNDA:1,(anonymous_20)
FNDA:1,(anonymous_21)
FNDA:5,(anonymous_22)
FNDA:5,(anonymous_23)
FNDA:1,(anonymous_24)
FNDA:1,(anonymous_25)
FNDA:1,(anonymous_26)
FNDA:1,(anonymous_27)
FNDA:1,(anonymous_28)
FNDA:1,(anonymous_29)
FNDA:1,(anonymous_30)
FNDA:1,(anonymous_31)
FNDA:1,(anonymous_32)
DA:9,1
DA:10,1
DA:13,1
DA:16,1
DA:17,5
DA:18,5
DA:19,5
DA:21,5
DA:31,5
DA:33,5
DA:34,5
DA:36,0
DA:40,1
DA:41,1
DA:42,5
DA:43,5
DA:44,5
DA:45,5
DA:47,0
DA:50,1
DA:51,1
DA:52,1
DA:53,1
DA:55,0
DA:58,1
DA:59,1
DA:60,1
DA:61,1
DA:63,0
DA:66,1
DA:67,1
DA:68,1
DA:69,1
DA:70,1
DA:71,1
DA:73,0
DA:76,1
DA:77,1
DA:78,1
DA:79,1
DA:85,1
DA:86,1
DA:88,0
DA:91,1
DA:92,1
DA:93,1
DA:94,1
DA:95,1
DA:96,1
DA:98,0
DA:106,1
DA:108,1
DA:109,5
DA:110,5
DA:111,5
DA:113,0
DA:116,5
DA:117,1
DA:118,1
DA:119,1
DA:120,1
DA:121,1
DA:122,1
DA:123,1
DA:125,0
DA:128,1
DA:129,1
DA:130,1
DA:131,1
DA:132,1
DA:133,1
DA:135,0
DA:138,1
DA:139,1
DA:140,1
DA:141,1
DA:142,1
DA:143,1
DA:145,0
DA:148,1
DA:149,1
DA:150,1
DA:151,1
DA:155,1
DA:156,1
DA:157,1
DA:159,0
DA:162,1
DA:163,1
DA:164,1
DA:165,1
DA:166,1
DA:176,1
DA:177,1
DA:178,1
DA:180,0
DA:183,1
DA:184,1
DA:185,1
DA:186,1
DA:187,1
DA:189,0
DA:192,1
DA:193,1
DA:194,1
DA:195,1
DA:199,1
DA:200,1
DA:202,0
DA:210,1
DA:212,1
DA:213,5
DA:214,5
DA:215,5
DA:217,0
DA:220,5
DA:222,1
DA:223,1
DA:224,1
DA:225,1
DA:226,1
DA:227,1
DA:228,1
DA:230,0
DA:233,1
DA:234,1
DA:235,1
DA:236,1
DA:237,1
DA:238,1
DA:240,0
DA:243,1
DA:244,1
DA:245,1
DA:246,1
DA:247,1
DA:248,1
DA:250,0
DA:253,1
DA:254,1
DA:255,1
DA:256,1
DA:260,1
DA:261,1
DA:262,1
DA:264,0
DA:267,1
DA:269,1
DA:270,1
DA:271,1
DA:272,1
DA:282,1
DA:283,1
DA:284,1
DA:285,1
DA:286,1
DA:288,0
DA:291,1
DA:292,1
DA:293,1
DA:294,1
DA:296,0
DA:299,1
DA:300,1
DA:301,1
DA:302,1
DA:306,1
DA:307,1
DA:309,0
LF:169
LH:146
BRF:0
BRH:0
end_of_record
TN:
SF:/home/mrduk/Heroku-apps/WayFarer-API/spec/trips.spec.js
FN:11,(anonymous_0)
FN:13,(anonymous_1)
FN:21,(anonymous_2)
FN:30,(anonymous_3)
FN:31,(anonymous_4)
FN:41,(anonymous_5)
FN:51,(anonymous_6)
FN:61,(anonymous_7)
FN:72,(anonymous_8)
FN:98,(anonymous_9)
FN:100,(anonymous_10)
FN:108,(anonymous_11)
FN:110,(anonymous_12)
FN:111,(anonymous_13)
FN:121,(anonymous_14)
FN:131,(anonymous_15)
FN:141,(anonymous_16)
FN:155,(anonymous_17)
FN:158,(anonymous_18)
FN:179,(anonymous_19)
FN:187,(anonymous_20)
FN:200,(anonymous_21)
FN:214,(anonymous_22)
FN:228,(anonymous_23)
FN:242,(anonymous_24)
FN:262,(anonymous_25)
FN:264,(anonymous_26)
FN:272,(anonymous_27)
FN:274,(anonymous_28)
FN:275,(anonymous_29)
FN:285,(anonymous_30)
FN:295,(anonymous_31)
FN:305,(anonymous_32)
FN:316,(anonymous_33)
FN:331,(anonymous_34)
FN:333,(anonymous_35)
FN:353,(anonymous_36)
FN:361,(anonymous_37)
FNF:38
FNH:38
FNDA:1,(anonymous_0)
FNDA:5,(anonymous_1)
FNDA:5,(anonymous_2)
FNDA:1,(anonymous_3)
FNDA:1,(anonymous_4)
FNDA:1,(anonymous_5)
FNDA:1,(anonymous_6)
FNDA:1,(anonymous_7)
FNDA:1,(anonymous_8)
FNDA:1,(anonymous_9)
FNDA:9,(anonymous_10)
FNDA:9,(anonymous_11)
FNDA:1,(anonymous_12)
FNDA:1,(anonymous_13)
FNDA:1,(anonymous_14)
FNDA:1,(anonymous_15)
FNDA:1,(anonymous_16)
FNDA:1,(anonymous_17)
FNDA:5,(anonymous_18)
FNDA:5,(anonymous_19)
FNDA:1,(anonymous_20)
FNDA:1,(anonymous_21)
FNDA:1,(anonymous_22)
FNDA:1,(anonymous_23)
FNDA:1,(anonymous_24)
FNDA:1,(anonymous_25)
FNDA:6,(anonymous_26)
FNDA:6,(anonymous_27)
FNDA:1,(anonymous_28)
FNDA:1,(anonymous_29)
FNDA:1,(anonymous_30)
FNDA:1,(anonymous_31)
FNDA:1,(anonymous_32)
FNDA:1,(anonymous_33)
FNDA:1,(anonymous_34)
FNDA:1,(anonymous_35)
FNDA:1,(anonymous_36)
FNDA:1,(anonymous_37)
DA:8,1
DA:11,1
DA:13,1
DA:14,5
DA:15,5
DA:16,5
DA:18,0
DA:21,1
DA:22,5
DA:23,5
DA:24,5
DA:26,0
DA:30,1
DA:31,1
DA:32,1
DA:33,1
DA:34,1
DA:35,1
DA:36,1
DA:38,0
DA:41,1
DA:42,1
DA:43,1
DA:44,1
DA:45,1
DA:46,1
DA:48,0
DA:51,1
DA:52,1
DA:53,1
DA:54,1
DA:55,1
DA:56,1
DA:58,0
DA:61,1
DA:62,1
DA:63,1
DA:64,1
DA:65,1
DA:66,1
DA:67,1
DA:69,0
DA:72,1
DA:73,1
DA:74,1
DA:75,1
DA:85,1
DA:86,1
DA:87,1
DA:88,1
DA:90,0
DA:98,1
DA:100,1
DA:101,9
DA:102,9
DA:103,9
DA:105,0
DA:108,9
DA:110,1
DA:111,1
DA:112,1
DA:113,1
DA:114,1
DA:115,1
DA:116,1
DA:118,0
DA:121,1
DA:122,1
DA:123,1
DA:124,1
DA:125,1
DA:126,1
DA:128,0
DA:131,1
DA:132,1
DA:133,1
DA:134,1
DA:135,1
DA:136,1
DA:138,0
DA:141,1
DA:142,1
DA:143,1
DA:144,1
DA:148,1
DA:149,1
DA:150,1
DA:152,0
DA:155,1
DA:158,1
DA:159,5
DA:160,5
DA:161,5
DA:171,5
DA:172,5
DA:173,5
DA:174,5
DA:176,0
DA:179,1
DA:180,5
DA:181,5
DA:182,5
DA:184,0
DA:187,1
DA:188,1
DA:189,1
DA:190,1
DA:194,1
DA:195,1
DA:197,0
DA:200,1
DA:201,1
DA:202,1
DA:203,1
DA:207,1
DA:208,1
DA:209,1
DA:211,0
DA:214,1
DA:215,1
DA:216,1
DA:217,1
DA:221,1
DA:222,1
DA:223,1
DA:225,0
DA:228,1
DA:229,1
DA:230,1
DA:231,1
DA:235,1
DA:236,1
DA:237,1
DA:239,0
DA:242,1
DA:243,1
DA:244,1
DA:245,1
DA:249,1
DA:250,1
DA:251,1
DA:253,0
DA:262,1
DA:264,1
DA:265,6
DA:266,6
DA:267,6
DA:269,0
DA:272,6
DA:274,1
DA:275,1
DA:276,1
DA:277,1
DA:278,1
DA:279,1
DA:280,1
DA:282,0
DA:285,1
DA:286,1
DA:287,1
DA:288,1
DA:289,1
DA:290,1
DA:292,0
DA:295,1
DA:296,1
DA:297,1
DA:298,1
DA:299,1
DA:300,1
DA:302,0
DA:305,1
DA:306,1
DA:307,1
DA:308,1
DA:309,1
DA:310,1
DA:311,1
DA:313,0
DA:316,1
DA:317,1
DA:318,1
DA:319,1
DA:324,1
DA:325,1
DA:326,1
DA:328,0
DA:331,1
DA:333,1
DA:334,1
DA:335,1
DA:336,1
DA:346,1
DA:347,1
DA:348,1
DA:350,0
DA:353,1
DA:354,1
DA:355,1
DA:356,1
DA:358,0
DA:361,1
DA:362,1
DA:363,1
DA:364,1
DA:369,1
DA:370,1
DA:372,0
LF:208
LH:180
BRDA:87,0,0,1
BRDA:87,0,1,1
BRF:2
BRH:2
end_of_record
TN:
SF:/home/mrduk/Heroku-apps/WayFarer-API/spec/users.spec.js
FN:12,(anonymous_0)
FN:13,(anonymous_1)
FN:25,(anonymous_2)
FN:26,(anonymous_3)
FN:42,(anonymous_4)
FN:43,(anonymous_5)
FN:66,(anonymous_6)
FN:67,(anonymous_7)
FN:87,(anonymous_8)
FN:88,(anonymous_9)
FN:100,(anonymous_10)
FN:101,(anonymous_11)
FN:120,(anonymous_12)
FN:121,(anonymous_13)
FN:131,(anonymous_14)
FN:148,(anonymous_15)
FN:149,(anonymous_16)
FN:170,(anonymous_17)
FN:171,(anonymous_18)
FN:189,(anonymous_19)
FN:190,(anonymous_20)
FNF:21
FNH:21
FNDA:1,(anonymous_0)
FNDA:1,(anonymous_1)
FNDA:1,(anonymous_2)
FNDA:1,(anonymous_3)
FNDA:1,(anonymous_4)
FNDA:1,(anonymous_5)
FNDA:1,(anonymous_6)
FNDA:1,(anonymous_7)
FNDA:1,(anonymous_8)
FNDA:1,(anonymous_9)
FNDA:1,(anonymous_10)
FNDA:1,(anonymous_11)
FNDA:1,(anonymous_12)
FNDA:1,(anonymous_13)
FNDA:1,(anonymous_14)
FNDA:1,(anonymous_15)
FNDA:1,(anonymous_16)
FNDA:1,(anonymous_17)
FNDA:1,(anonymous_18)
FNDA:1,(anonymous_19)
FNDA:1,(anonymous_20)
DA:9,1
DA:12,1
DA:13,1
DA:14,1
DA:24,1
DA:25,1
DA:26,1
DA:27,1
DA:28,1
DA:29,1
DA:30,1
DA:31,1
DA:32,1
DA:33,1
DA:34,1
DA:35,1
DA:36,1
DA:38,0
DA:42,1
DA:43,1
DA:44,1
DA:45,1
DA:55,1
DA:56,1
DA:57,1
DA:58,1
DA:59,1
DA:60,1
DA:62,0
DA:66,1
DA:67,1
DA:68,1
DA:69,1
DA:74,1
DA:75,1
DA:76,1
DA:77,1
DA:78,1
DA:79,1
DA:81,0
DA:87,1
DA:88,1
DA:89,1
DA:99,1
DA:100,1
DA:101,1
DA:102,1
DA:103,1
DA:104,1
DA:105,1
DA:106,1
DA:107,1
DA:108,1
DA:109,1
DA:110,1
DA:111,1
DA:113,0
DA:120,1
DA:121,1
DA:122,1
DA:130,1
DA:131,1
DA:132,1
DA:133,1
DA:134,1
DA:135,1
DA:136,1
DA:137,1
DA:138,1
DA:139,1
DA:140,1
DA:141,1
DA:142,1
DA:144,0
DA:148,1
DA:149,1
DA:150,1
DA:151,1
DA:159,1
DA:160,1
DA:161,1
DA:162,1
DA:163,1
DA:164,1
DA:166,0
DA:170,1
DA:171,1
DA:172,1
DA:173,1
DA:178,1
DA:179,1
DA:180,1
DA:181,1
DA:182,1
DA:183,1
DA:185,0
DA:189,1
DA:190,1
DA:191,1
DA:192,1
DA:199,1
DA:200,1
DA:201,1
DA:202,1
DA:203,1
DA:204,1
DA:206,0
LF:107
LH:99
BRF:0
BRH:0
end_of_record
TN:
SF:/home/mrduk/Heroku-apps/WayFarer-API/src/index.js
FN:20,(anonymous_0)
FNF:1
FNH:1
FNDA:1,(anonymous_0)
DA:9,1
DA:10,1
DA:11,1
DA:12,1
DA:14,1
DA:15,1
DA:16,1
DA:17,1
DA:19,1
DA:20,1
LF:10
LH:10
BRDA:19,0,0,1
BRDA:19,0,1,1
BRF:2
BRH:2
end_of_record
TN:
SF:/home/mrduk/Heroku-apps/WayFarer-API/src/controllers/bookings.js
FN:12,(anonymous_0)
FN:16,(anonymous_1)
FN:21,(anonymous_2)
FN:65,(anonymous_3)
FN:100,(anonymous_4)
FN:120,(anonymous_5)
FNF:6
FNH:5
FNDA:8,(anonymous_0)
FNDA:2,(anonymous_1)
FNDA:3,(anonymous_2)
FNDA:2,(anonymous_3)
FNDA:0,(anonymous_4)
FNDA:2,(anonymous_5)
DA:13,8
DA:17,2
DA:22,3
DA:23,3
DA:24,3
DA:25,3
DA:28,3
DA:29,3
DA:32,3
DA:38,3
DA:41,3
DA:43,3
DA:45,3
DA:61,0
DA:66,2
DA:67,2
DA:71,2
DA:72,0
DA:78,0
DA:80,2
DA:86,2
DA:89,1
DA:91,1
DA:96,0
DA:101,0
DA:102,0
DA:103,0
DA:104,0
DA:105,0
DA:107,0
DA:109,0
DA:116,0
DA:121,2
DA:122,2
DA:123,2
DA:124,2
DA:126,2
DA:128,1
DA:135,0
LF:39
LH:26
BRDA:71,0,0,0
BRDA:71,0,1,2
BRDA:78,1,0,0
BRDA:78,1,1,0
BRDA:86,2,0,1
BRDA:86,2,1,1
BRDA:107,3,0,0
BRDA:107,3,1,0
BRDA:126,4,0,1
BRDA:126,4,1,1
BRF:10
BRH:5
end_of_record
TN:
SF:/home/mrduk/Heroku-apps/WayFarer-API/src/controllers/buses.js
FN:4,(anonymous_0)
FNF:1
FNH:1
FNDA:3,(anonymous_0)
DA:5,3
LF:1
LH:1
BRF:0
BRH:0
end_of_record
TN:
SF:/home/mrduk/Heroku-apps/WayFarer-API/src/controllers/trips.js
FN:11,(anonymous_0)
FN:16,(anonymous_1)
FN:60,(anonymous_2)
FN:81,(anonymous_3)
FNF:4
FNH:4
FNDA:26,(anonymous_0)
FNDA:14,(anonymous_1)
FNDA:6,(anonymous_2)
FNDA:2,(anonymous_3)
DA:12,26
DA:17,14
DA:24,14
DA:26,14
DA:27,14
DA:28,14
DA:29,14
DA:30,14
DA:32,14
DA:35,14
DA:45,14
DA:47,14
DA:55,0
DA:61,6
DA:63,6
DA:64,6
DA:65,6
DA:66,6
DA:67,6
DA:70,3
DA:72,3
DA:77,0
DA:82,2
DA:83,2
DA:84,2
DA:85,2
DA:87,2
DA:89,1
DA:96,0
LF:29
LH:26
BRDA:26,0,0,14
BRDA:26,0,1,0
BRDA:27,1,0,14
BRDA:27,1,1,0
BRDA:28,2,0,14
BRDA:28,2,1,0
BRDA:29,3,0,14
BRDA:29,3,1,0
BRDA:30,4,0,14
BRDA:30,4,1,0
BRDA:64,5,0,2
BRDA:64,5,1,4
BRDA:65,6,0,2
BRDA:65,6,1,4
BRDA:66,7,0,2
BRDA:66,7,1,4
BRDA:66,8,0,6
BRDA:66,8,1,4
BRDA:67,9,0,3
BRDA:67,9,1,3
BRDA:84,10,0,0
BRDA:84,10,1,2
BRDA:87,11,0,1
BRDA:87,11,1,1
BRF:24
BRH:18
end_of_record
TN:
SF:/home/mrduk/Heroku-apps/WayFarer-API/src/controllers/users.js
FN:12,(anonymous_0)
FN:17,(anonymous_1)
FN:54,(anonymous_2)
FNF:3
FNH:3
FNDA:45,(anonymous_0)
FNDA:3,(anonymous_1)
FNDA:37,(anonymous_2)
DA:13,45
DA:18,3
DA:19,3
DA:25,3
DA:27,3
DA:28,3
DA:30,2
DA:31,2
DA:33,2
DA:39,2
DA:40,2
DA:41,2
DA:50,0
DA:55,37
DA:59,37
DA:60,37
DA:61,37
DA:62,36
DA:63,36
DA:64,36
DA:65,36
DA:66,36
DA:75,0
LF:23
LH:21
BRDA:19,0,0,1
BRDA:19,0,1,2
BRDA:28,1,0,1
BRDA:28,1,1,2
BRDA:61,2,0,1
BRDA:61,2,1,36
BRDA:64,3,0,0
BRDA:64,3,1,36
BRF:8
BRH:7
end_of_record
TN:
SF:/home/mrduk/Heroku-apps/WayFarer-API/src/helpers/changeKeyID.js
FN:1,(anonymous_0)
FN:1,(anonymous_1)
FNF:2
FNH:2
FNDA:4,(anonymous_0)
FNDA:4,(anonymous_1)
DA:1,4
DA:2,4
DA:3,4
LF:3
LH:3
BRF:0
BRH:0
end_of_record
TN:
SF:/home/mrduk/Heroku-apps/WayFarer-API/src/helpers/errorHandlers.js
FN:1,(anonymous_0)
FN:7,(anonymous_1)
FN:13,(anonymous_2)
FN:19,(anonymous_3)
FN:25,(anonymous_4)
FN:32,(anonymous_5)
FNF:6
FNH:5
FNDA:0,(anonymous_0)
FNDA:4,(anonymous_1)
FNDA:14,(anonymous_2)
FNDA:6,(anonymous_3)
FNDA:8,(anonymous_4)
FNDA:3,(anonymous_5)
DA:1,1
DA:7,4
DA:13,14
DA:19,6
DA:25,8
DA:32,1
DA:33,3
DA:34,3
DA:35,1
DA:37,2
LF:10
LH:10
BRDA:4,0,0,0
BRDA:4,0,1,0
BRDA:10,1,0,4
BRDA:10,1,1,0
BRDA:16,2,0,14
BRDA:16,2,1,0
BRDA:22,3,0,6
BRDA:22,3,1,0
BRDA:28,4,0,8
BRDA:28,4,1,0
BRDA:34,5,0,1
BRDA:34,5,1,2
BRF:12
BRH:6
end_of_record
TN:
SF:/home/mrduk/Heroku-apps/WayFarer-API/src/helpers/generateJwtToken.js
FN:6,(anonymous_0)
FNF:1
FNH:1
FNDA:38,(anonymous_0)
DA:4,1
DA:7,38
DA:8,38
LF:3
LH:3
BRDA:7,0,0,38
BRDA:7,0,1,0
BRDA:7,1,0,38
BRDA:7,1,1,0
BRF:4
BRH:2
end_of_record
TN:
SF:/home/mrduk/Heroku-apps/WayFarer-API/src/helpers/generateSeatNumber.js
FN:1,(anonymous_0)
FN:2,(anonymous_1)
FNF:2
FNH:1
FNDA:3,(anonymous_0)
FNDA:0,(anonymous_1)
DA:2,3
DA:3,3
DA:4,3
DA:5,600
DA:6,600
DA:9,3
LF:6
LH:6
BRDA:5,0,0,600
BRDA:5,0,1,0
BRF:2
BRH:1
end_of_record
TN:
SF:/home/mrduk/Heroku-apps/WayFarer-API/src/helpers/getByQuery.js
FN:1,(anonymous_0)
FNF:1
FNH:1
FNDA:14,(anonymous_0)
DA:2,14
DA:3,14
DA:4,0
DA:6,0
LF:4
LH:2
BRDA:1,0,0,4
BRDA:3,1,0,14
BRDA:3,1,1,0
BRF:3
BRH:2
end_of_record
TN:
SF:/home/mrduk/Heroku-apps/WayFarer-API/src/helpers/verifyJwtToken.js
FN:6,(anonymous_0)
FNF:1
FNH:1
FNDA:62,(anonymous_0)
DA:4,1
DA:7,62
DA:8,62
LF:3
LH:3
BRDA:7,0,0,62
BRDA:7,0,1,0
BRDA:7,1,0,62
BRDA:7,1,1,0
BRF:4
BRH:2
end_of_record
TN:
SF:/home/mrduk/Heroku-apps/WayFarer-API/src/middlewares/auth.js
FN:11,(anonymous_0)
FN:32,(anonymous_1)
FNF:2
FNH:2
FNDA:50,(anonymous_0)
FNDA:18,(anonymous_1)
DA:12,50
DA:13,50
DA:14,50
DA:16,50
DA:18,44
DA:19,44
DA:20,38
DA:21,38
DA:22,38
DA:23,38
DA:24,32
DA:25,32
DA:27,6
DA:33,18
DA:34,18
DA:35,18
DA:36,18
DA:37,18
DA:38,18
DA:39,18
DA:40,18
DA:41,2
DA:42,16
LF:23
LH:23
BRDA:14,0,0,50
BRDA:14,0,1,45
BRDA:16,1,0,6
BRDA:16,1,1,44
BRDA:22,2,0,0
BRDA:22,2,1,38
BRDA:23,3,0,6
BRDA:23,3,1,32
BRDA:23,4,0,38
BRDA:23,4,1,38
BRDA:35,5,0,18
BRDA:35,5,1,13
BRDA:39,6,0,0
BRDA:39,6,1,18
BRDA:40,7,0,2
BRDA:40,7,1,16
BRDA:40,8,0,18
BRDA:40,8,1,2
BRF:18
BRH:16
end_of_record
TN:
SF:/home/mrduk/Heroku-apps/WayFarer-API/src/middlewares/bookings.js
FN:12,(anonymous_0)
FN:35,(anonymous_1)
FN:48,(anonymous_2)
FN:57,(anonymous_3)
FNF:4
FNH:1
FNDA:4,(anonymous_0)
FNDA:0,(anonymous_1)
FNDA:0,(anonymous_2)
FNDA:0,(anonymous_3)
DA:13,4
DA:14,4
DA:15,4
DA:17,4
DA:20,4
DA:21,4
DA:22,3
DA:25,3
DA:26,3
DA:29,3
DA:32,3
DA:33,3
DA:34,3
DA:35,0
DA:36,3
DA:37,3
DA:39,3
DA:40,3
DA:42,3
DA:44,0
DA:49,0
DA:50,0
DA:51,0
DA:52,0
DA:53,0
DA:55,0
DA:56,0
DA:57,0
DA:58,0
DA:60,0
LF:30
LH:18
BRDA:17,0,0,0
BRDA:17,0,1,4
BRDA:21,1,0,1
BRDA:21,1,1,3
BRDA:32,2,0,0
BRDA:32,2,1,3
BRDA:32,3,0,3
BRDA:32,3,1,0
BRDA:33,4,0,0
BRDA:33,4,1,3
BRDA:33,5,0,3
BRDA:33,5,1,0
BRDA:33,5,2,0
BRDA:34,6,0,0
BRDA:34,6,1,3
BRDA:36,7,0,3
BRDA:36,7,1,0
BRDA:39,8,0,0
BRDA:39,8,1,3
BRDA:52,9,0,0
BRDA:52,9,1,0
BRDA:52,10,0,0
BRDA:52,10,1,0
BRDA:53,11,0,0
BRDA:53,11,1,0
BRDA:56,12,0,0
BRDA:56,12,1,0
BRDA:57,13,0,0
BRDA:57,13,1,0
BRF:29
BRH:10
end_of_record
TN:
SF:/home/mrduk/Heroku-apps/WayFarer-API/src/middlewares/users.js
FN:5,(anonymous_0)
FN:21,(anonymous_1)
FNF:2
FNH:2
FNDA:1,(anonymous_0)
FNDA:37,(anonymous_1)
DA:6,1
DA:13,1
DA:14,1
DA:15,1
DA:16,1
DA:18,0
DA:22,37
DA:27,37
DA:28,37
DA:29,2
DA:30,2
DA:32,35
LF:12
LH:11
BRDA:14,0,0,1
BRDA:14,0,1,0
BRDA:28,1,0,2
BRDA:28,1,1,35
BRF:4
BRH:3
end_of_record
TN:
SF:/home/mrduk/Heroku-apps/WayFarer-API/src/models/Model.js
FN:10,(anonymous_0)
FN:13,(anonymous_1)
FN:19,(anonymous_2)
FN:25,(anonymous_3)
FN:31,(anonymous_4)
FN:37,(anonymous_5)
FN:43,(anonymous_6)
FNF:7
FNH:6
FNDA:88,(anonymous_0)
FNDA:0,(anonymous_1)
FNDA:61,(anonymous_2)
FNDA:19,(anonymous_3)
FNDA:2,(anonymous_4)
FNDA:4,(anonymous_5)
FNDA:24,(anonymous_6)
DA:5,1
DA:7,1
DA:11,88
DA:12,88
DA:13,88
DA:14,0
DA:15,0
DA:20,61
DA:21,61
DA:22,61
DA:26,19
DA:27,19
DA:28,19
DA:32,2
DA:33,2
DA:34,2
DA:38,4
DA:39,4
DA:40,4
DA:44,24
DA:45,24
DA:46,24
LF:22
LH:20
BRDA:12,0,0,88
BRDA:12,0,1,0
BRDA:19,1,0,2
BRDA:25,2,0,0
BRDA:31,3,0,0
BRF:5
BRH:2
end_of_record
TN:
SF:/home/mrduk/Heroku-apps/WayFarer-API/src/routes/bookings.js
FN:5,(anonymous_0)
FNF:1
FNH:1
FNDA:1,(anonymous_0)
DA:6,1
DA:12,1
DA:17,1
DA:23,1
DA:28,1
LF:5
LH:5
BRF:0
BRH:0
end_of_record
TN:
SF:/home/mrduk/Heroku-apps/WayFarer-API/src/routes/trips.js
FN:4,(anonymous_0)
FNF:1
FNH:1
FNDA:1,(anonymous_0)
DA:5,1
DA:11,1
DA:16,1
DA:21,1
DA:27,1
LF:5
LH:5
BRF:0
BRH:0
end_of_record
TN:
SF:/home/mrduk/Heroku-apps/WayFarer-API/src/routes/users.js
FN:4,(anonymous_0)
FNF:1
FNH:1
FNDA:1,(anonymous_0)
DA:5,1
DA:6,1
DA:7,1
DA:8,1
LF:4
LH:4
BRF:0
BRH:0
end_of_record
